p/000033.jpg 1 0 0 800 534
p/000019.jpg 1 0 0 1300 957
p/000016.jpg 1 0 0 1300 1390
p/000015.jpg 1 0 0 1300 1010
p/000014.jpg 1 0 0 1936 2592
p/000013.jpg 1 0 0 500 658
p/000010.jpg 1 0 0 1200 628
p/000009.jpg 1 0 0 600 400
p/000006.jpg 1 0 0 2592 1920
p/000005.jpg 1 0 0 1024 1024
p/000004.jpg 1 0 0 2500 1664
p/000003.jpg 1 0 0 3138 2848
p/000002.jpg 1 0 0 600 600
p/000001.jpg 1 0 0 1000 1000
p/jpg_99.jpg 1 0 0 218 231
p/jpg_98.jpg 1 0 0 276 183
p/jpg_97.jpg 1 0 0 216 233
p/jpg_95.jpg 1 0 0 225 225
p/jpg_94.jpg 1 0 0 800 520
p/jpg_93.jpg 1 0 0 450 314
p/jpg_92.jpg 1 0 0 284 177
p/jpg_91.jpg 1 0 0 212 238
p/jpg_90.jpg 1 0 0 225 225
p/jpg_87.jpg 1 0 0 675 700
p/jpg_86.jpg 1 0 0 1920 1918
p/jpg_85.jpg 1 0 0 250 202
p/jpg_84.jpg 1 0 0 269 187
p/jpg_83.jpg 1 0 0 800 600
p/jpg_82.jpg 1 0 0 225 225
p/jpg_81.jpg 1 0 0 264 191
p/jpg_80.jpg 1 0 0 500 500
p/jpg_78.jpg 1 0 0 225 225
p/jpg_77.jpg 1 0 0 225 225
p/jpg_74.jpg 1 0 0 225 225
p/jpg_73.jpg 1 0 0 225 225
p/jpg_72.jpg 1 0 0 225 225
p/jpg_71.jpg 1 0 0 274 184
p/jpg_70.jpg 1 0 0 275 183
p/jpg_69.jpg 1 0 0 276 183
p/jpg_68.jpg 1 0 0 612 544
p/jpg_67.jpg 1 0 0 500 500
p/jpg_66.jpg 1 0 0 1000 1000
p/jpg_65.jpg 1 0 0 234 216
p/jpg_62.jpg 1 0 0 225 225
p/jpg_58.jpg 1 0 0 225 225
p/jpg_57.jpg 1 0 0 225 225
p/jpg_56.jpg 1 0 0 235 214
p/jpg_55.jpg 1 0 0 300 168
p/jpg_54.jpg 1 0 0 217 232
p/jpg_53.jpg 1 0 0 259 195
p/jpg_52.jpg 1 0 0 222 227
p/jpg_51.jpg 1 0 0 270 187
p/jpg_50.jpg 1 0 0 225 225
p/jpg_49.jpg 1 0 0 500 500
p/jpg_48.jpg 1 0 0 225 225
p/jpg_45.jpg 1 0 0 291 173
p/jpg_43.jpg 1 0 0 225 225
p/jpg_42.jpg 1 0 0 225 225
p/jpg_39.jpg 1 0 0 590 332
p/jpg_38.jpg 1 0 0 590 700
p/jpg_37.jpg 1 0 0 225 225
p/jpg_36.jpg 1 0 0 293 172
p/jpg_33.jpg 1 0 0 225 225
p/jpg_32.jpg 1 0 0 225 225
p/jpg_31.jpg 1 0 0 224 225
p/jpg_30.jpg 1 0 0 212 238
p/jpg_27.jpg 1 0 0 253 199
p/jpg_26.jpg 1 0 0 225 225
p/jpg_24.jpg 1 0 0 225 225
p/jpg_23.jpg 1 0 0 225 225
p/jpg_21.jpg 1 0 0 205 246
p/jpg_19.jpg 1 0 0 612 405
p/jpg_18.jpg 1 0 0 225 225
p/jpg_16.jpg 1 0 0 225 225
p/jpg_15.jpg 1 0 0 225 224
p/jpg_14.jpg 1 0 0 225 225
p/jpg_13.jpg 1 0 0 225 225
p/jpg_12.jpg 1 0 0 500 500
p/jpg_11.jpg 1 0 0 608 608
p/jpg_10.jpg 1 0 0 1600 1600
p/jpg_9.jpg 1 0 0 231 218
p/jpg_8.jpg 1 0 0 225 225
p/jpg_6.jpg 1 0 0 1500 1083
p/jpg_5.jpg 1 0 0 201 251
p/jpg_3.jpg 1 0 0 225 225
p/jpg_0.jpg 1 0 0 220 229