p/fist_96.jpg 1 0 0 400 620
p/fist_95.jpg 1 0 0 225 225
p/fist_94.jpg 1 0 0 683 1024
p/fist_93.jpg 1 0 0 183 275
p/fist_92.jpg 1 0 0 275 183
p/fist_90.jpg 1 0 0 1300 1390
p/fist_89.jpg 1 0 0 600 420
p/fist_87.jpg 1 0 0 268 188
p/fist_85.jpg 1 0 0 246 204
p/fist_84.jpg 1 0 0 1300 1206
p/fist_83.jpg 1 0 0 217 232
p/fist_82.jpg 1 0 0 1200 800
p/fist_81.jpg 1 0 0 183 275
p/fist_80.jpg 1 0 0 626 626
p/fist_79.jpg 1 0 0 973 1300
p/fist_76.jpg 1 0 0 267 189
p/fist_75.jpg 1 0 0 625 900
p/fist_74.jpg 1 0 0 1200 675
p/fist_73.jpg 1 0 0 216 233
p/fist_72.jpg 1 0 0 275 183
p/fist_71.jpg 1 0 0 1366 1700
p/fist_70.jpg 1 0 0 220 229
p/fist_69.jpg 1 0 0 275 183
p/fist_68.jpg 1 0 0 217 232
p/fist_67.jpg 1 0 0 275 183
p/fist_65.jpg 1 0 0 620 387
p/fist_64.jpg 1 0 0 1024 1024
p/fist_63.jpg 1 0 0 216 233
p/fist_62.jpg 1 0 0 600 400
p/fist_61.jpg 1 0 0 275 183
p/fist_60.jpg 1 0 0 271 186
p/fist_59.jpg 1 0 0 800 533
p/fist_58.jpg 1 0 0 275 183
p/fist_57.jpg 1 0 0 194 260
p/fist_48.jpg 1 0 0 264 191
p/fist_142.jpg 1 0 0 348 145
p/fist_132.jpg 1 0 0 275 183
p/fist_121.jpg 1 0 0 180 280
p/fist_110.jpg 1 0 0 562 375
p/fist_99.jpg 1 0 0 1600 1167
p/fist_88.jpg 1 0 0 1300 867
p/fist_77.jpg 1 0 0 284 177
p/fist_66.jpg 1 0 0 1600 1371
p/fist_91.jpg 1 0 0 1200 1200
p/fist_86.jpg 1 0 0 1000 667
p/fist_47.jpg 1 0 0 1300 866
p/fist_56.jpg 1 0 0 612 408
p/fist_55.jpg 1 0 0 216 233
p/fist_54.jpg 1 0 0 248 203
p/fist_53.jpg 1 0 0 207 244
p/fist_52.jpg 1 0 0 225 225
p/fist_51.jpg 1 0 0 369 137
p/fist_50.jpg 1 0 0 910 602
p/fist_49.jpg 1 0 0 300 168
p/fist_151.jpg 1 0 0 582 823
p/fist_150.jpg 1 0 0 225 225
p/fist_149.jpg 1 0 0 265 190
p/fist_148.jpg 1 0 0 533 324
p/fist_147.jpg 1 0 0 213 236
p/fist_146.jpg 1 0 0 275 183
p/fist_145.jpg 1 0 0 910 606
p/fist_144.jpg 1 0 0 251 201
p/fist_143.jpg 1 0 0 168 299
p/fist_141.jpg 1 0 0 1300 977
p/fist_140.jpg 1 0 0 259 194
p/fist_139.jpg 1 0 0 220 229
p/fist_138.jpg 1 0 0 275 183
p/fist_137.jpg 1 0 0 220 229
p/fist_136.jpg 1 0 0 390 280
p/fist_135.jpg 1 0 0 276 183
p/fist_133.jpg 1 0 0 216 233
p/fist_131.jpg 1 0 0 612 414
p/fist_130.jpg 1 0 0 260 194
p/fist_129.jpg 1 0 0 275 183
p/fist_128.jpg 1 0 0 1000 667
p/fist_127.jpg 1 0 0 275 183
p/fist_126.jpg 1 0 0 275 183
p/fist_125.jpg 1 0 0 275 183
p/fist_123.jpg 1 0 0 1600 1690
p/fist_122.jpg 1 0 0 189 267
p/fist_120.jpg 1 0 0 267 189
p/fist_119.jpg 1 0 0 187 269
p/fist_118.jpg 1 0 0 438 115
p/fist_117.jpg 1 0 0 800 800
p/fist_116.jpg 1 0 0 353 143
p/fist_114.jpg 1 0 0 183 275
p/fist_113.jpg 1 0 0 205 246
p/fist_112.jpg 1 0 0 288 175
p/fist_111.jpg 1 0 0 233 216
p/fist_109.jpg 1 0 0 225 225
p/fist_108.jpg 1 0 0 456 612
p/fist_107.jpg 1 0 0 200 200
p/fist_105.jpg 1 0 0 620 387
p/fist_104.jpg 1 0 0 245 206
p/fist_103.jpg 1 0 0 200 200
p/fist_102.jpg 1 0 0 284 177
p/fist_101.jpg 1 0 0 900 334
p/fist_100.jpg 1 0 0 220 229
p/fist_134.jpg 1 0 0 225 225
p/fist_124.jpg 1 0 0 273 185
p/fist_115.jpg 1 0 0 259 195
p/fist_106.jpg 1 0 0 294 280
p/fist_98.jpg 1 0 0 612 612
p/fist_97.jpg 1 0 0 463 370
p/000019.jpg 1 0 0 800 564
p/000014.jpg 1 0 0 4272 2848
p/000006.jpg 1 0 0 971 1300
p/000005.jpg 1 0 0 1300 960
p/000004.jpg 1 0 0 1280 714
p/000003.jpg 1 0 0 800 600
p/000002.jpg 1 0 0 852 598
p/000001.jpg 1 0 0 1300 933